2023-05-03 13:53:50,539 [INFO] Activator:176 - 


2023-05-03 13:53:50,540 [INFO] Activator:177 - !SESSION log4j initialized
2023-05-03 13:53:51,934 [INFO] LogOutputStream:77 - [STDOUT_REDIRECT] 
2023-05-03 13:54:12,394 [ERROR] LogOutputStream:75 - [STDERR_REDIRECT] SLF4J: Failed to load class "org.slf4j.impl.StaticLoggerBinder".
2023-05-03 13:54:12,394 [ERROR] LogOutputStream:75 - [STDERR_REDIRECT] SLF4J: Defaulting to no-operation (NOP) logger implementation
2023-05-03 13:54:12,394 [ERROR] LogOutputStream:75 - [STDERR_REDIRECT] SLF4J: See http://www.slf4j.org/codes.html#StaticLoggerBinder for further details.
2023-05-03 13:54:41,739 [INFO] ApplicationProperties:184 - Using Application install path: /opt/st/stm32cubeide_1.12.1_2/plugins/com.st.stm32cube.common.mx_6.8.1.202304191431
2023-05-03 13:54:41,751 [INFO] DbMcusXml:78 - Set database path to: /opt/st/stm32cubeide_1.12.1_2/plugins/com.st.stm32cube.common.mx_6.8.1.202304191431//db//mcu/
2023-05-03 13:54:41,752 [INFO] ApiDb:274 - Set plugin database path to: /opt/st/stm32cubeide_1.12.1_2/plugins/com.st.stm32cube.common.mx_6.8.1.202304191431//db//plugins/boardmanager/
2023-05-03 13:54:41,753 [WARN] ApiDb:259 - Overriding images path with different value:  => /opt/st/stm32cubeide_1.12.1_2/plugins/com.st.stm32cube.common.mx_6.8.1.202304191431//db//plugins/mcufinder/images/
2023-05-03 13:54:42,220 [WARN] ApiFinderProperties:113 - /home/andreas/.stmcufinder/plugins/mcufinder/mcu/mcuFinder.mfd doesn't exist
2023-05-03 13:54:42,220 [INFO] ApiDb:250 - Set database path to: /home/andreas/.stmcufinder/plugins/mcufinder//mcu/
2023-05-03 13:54:42,221 [INFO] DbMcusAds:125 - Set database path to: /home/andreas/.stmcufinder/plugins/mcufinder//mcu/
2023-05-03 13:54:42,232 [INFO] CrossReferenceDbSqlite:203 - Set database path to: /home/andreas/.stmcufinder/plugins/mcufinder//mcu/cs/
2023-05-03 13:54:42,310 [INFO] RulesReader:64 - Compatibility file has been processed (293 Rules)
2023-05-03 13:54:42,344 [INFO] DbMcusXml:78 - Set database path to: /opt/st/stm32cubeide_1.12.1_2/plugins/com.st.stm32cube.common.mx_6.8.1.202304191431//db//mcu/
2023-05-03 13:54:42,344 [INFO] ApiDb:274 - Set plugin database path to: /opt/st/stm32cubeide_1.12.1_2/plugins/com.st.stm32cube.common.mx_6.8.1.202304191431//db//plugins/boardmanager/
2023-05-03 13:54:42,344 [INFO] ApiDb:261 - Set plugin images path to: /opt/st/stm32cubeide_1.12.1_2/plugins/com.st.stm32cube.common.mx_6.8.1.202304191431//db//plugins/mcufinder/images/
2023-05-03 13:54:42,344 [WARN] DbFile:41 - Overriding database path with different value: /home/andreas/.stmcufinder/plugins/mcufinder/ => /home/andreas/.stmcufinder/plugins/mcufinder
2023-05-03 13:54:42,344 [INFO] ApiDb:250 - Set database path to: /home/andreas/.stmcufinder/plugins/mcufinder//mcu/
2023-05-03 13:54:42,344 [WARN] DbFile:41 - Overriding database path with different value: /home/andreas/.stmcufinder/plugins/mcufinder/ => /home/andreas/.stmcufinder/plugins/mcufinder
2023-05-03 13:54:42,344 [INFO] DbMcusAds:125 - Set database path to: /home/andreas/.stmcufinder/plugins/mcufinder//mcu/
2023-05-03 13:54:42,345 [WARN] DbFile:41 - Overriding database path with different value: /home/andreas/.stmcufinder/plugins/mcufinder/ => /home/andreas/.stmcufinder/plugins/mcufinder
2023-05-03 13:54:42,345 [WARN] DbFile:41 - Overriding database path with different value: /home/andreas/.stmcufinder/plugins/mcufinder/ => /home/andreas/.stmcufinder/plugins/mcufinder
2023-05-03 13:54:42,345 [INFO] CrossReferenceDbSqlite:203 - Set database path to: /home/andreas/.stmcufinder/plugins/mcufinder//mcu/cs/
2023-05-03 13:54:42,380 [INFO] MainPanel:253 - HeapMemory: 463470592
2023-05-03 13:54:42,427 [INFO] DbMcusXml:78 - Set database path to: /opt/st/stm32cubeide_1.12.1_2/plugins/com.st.stm32cube.common.mx_6.8.1.202304191431//db//mcu/
2023-05-03 13:54:42,427 [INFO] ApiDb:274 - Set plugin database path to: /opt/st/stm32cubeide_1.12.1_2/plugins/com.st.stm32cube.common.mx_6.8.1.202304191431//db//plugins/boardmanager/
2023-05-03 13:54:42,427 [INFO] ApiDb:261 - Set plugin images path to: /opt/st/stm32cubeide_1.12.1_2/plugins/com.st.stm32cube.common.mx_6.8.1.202304191431//db//plugins/mcufinder/images/
2023-05-03 13:54:42,427 [WARN] DbFile:41 - Overriding database path with different value: /home/andreas/.stmcufinder/plugins/mcufinder/ => /home/andreas/.stmcufinder/plugins/mcufinder
2023-05-03 13:54:42,427 [INFO] ApiDb:250 - Set database path to: /home/andreas/.stmcufinder/plugins/mcufinder//mcu/
2023-05-03 13:54:42,427 [WARN] DbFile:41 - Overriding database path with different value: /home/andreas/.stmcufinder/plugins/mcufinder/ => /home/andreas/.stmcufinder/plugins/mcufinder
2023-05-03 13:54:42,427 [INFO] DbMcusAds:125 - Set database path to: /home/andreas/.stmcufinder/plugins/mcufinder//mcu/
2023-05-03 13:54:42,427 [WARN] DbFile:41 - Overriding database path with different value: /home/andreas/.stmcufinder/plugins/mcufinder/ => /home/andreas/.stmcufinder/plugins/mcufinder
2023-05-03 13:54:42,427 [WARN] DbFile:41 - Overriding database path with different value: /home/andreas/.stmcufinder/plugins/mcufinder/ => /home/andreas/.stmcufinder/plugins/mcufinder
2023-05-03 13:54:42,427 [INFO] CrossReferenceDbSqlite:203 - Set database path to: /home/andreas/.stmcufinder/plugins/mcufinder//mcu/cs/
2023-05-03 13:54:42,437 [INFO] ApplicationProperties:184 - Using Application install path: /opt/st/stm32cubeide_1.12.1_2/plugins/com.st.stm32cube.common.mx_6.8.1.202304191431
2023-05-03 13:54:42,438 [INFO] PluginManage:196 - Search for loadable plugins [exclusion list=, ]
2023-05-03 13:54:42,439 [INFO] PluginManage:310 - Check plugin analytics
2023-05-03 13:54:42,530 [INFO] AnalyticsPlugin:253 - Accepted Software Licenses: 
2023-05-03 13:54:42,530 [INFO] AnalyticsPlugin:255 - Accepted CMSIS Pack Licenses: 
2023-05-03 13:54:42,530 [INFO] AnalyticsPlugin:257 - Accepted Firmware Licenses: 
2023-05-03 13:54:42,543 [INFO] PluginManage:359 - Loaded plugin analytics (category:tool,tabindex:-1)
2023-05-03 13:54:42,543 [INFO] PluginManage:310 - Check plugin cadmodel
2023-05-03 13:54:42,591 [INFO] CADModel:105 - Init CAD model plugin
2023-05-03 13:54:42,592 [INFO] PluginManage:359 - Loaded plugin cadmodel (category:power,tabindex:5)
2023-05-03 13:54:42,592 [INFO] PluginManage:310 - Check plugin clock
2023-05-03 13:54:42,597 [INFO] PluginManage:359 - Loaded plugin clock (category:base,tabindex:2)
2023-05-03 13:54:42,597 [INFO] PluginManage:310 - Check plugin ddr
2023-05-03 13:54:42,598 [INFO] PluginManage:359 - Loaded plugin ddr (category:tool,tabindex:6)
2023-05-03 13:54:42,598 [INFO] PluginManage:310 - Check plugin filemanager
2023-05-03 13:54:42,688 [INFO] PluginManage:359 - Loaded plugin filemanager (category:base,tabindex:10)
2023-05-03 13:54:42,688 [INFO] PluginManage:310 - Check plugin ipmanager
2023-05-03 13:54:42,692 [INFO] PluginManage:359 - Loaded plugin ipmanager (category:base,tabindex:5)
2023-05-03 13:54:42,692 [INFO] PluginManage:310 - Check plugin lpbam
2023-05-03 13:54:42,697 [INFO] PluginManage:359 - Loaded plugin lpbam (category:base,tabindex:0)
2023-05-03 13:54:42,697 [INFO] PluginManage:310 - Check plugin pinoutandconfiguration
2023-05-03 13:54:42,701 [INFO] PluginManage:359 - Loaded plugin pinoutandconfiguration (category:base,tabindex:1)
2023-05-03 13:54:42,701 [INFO] PluginManage:310 - Check plugin pinoutconfig
2023-05-03 13:54:42,741 [WARN] SupportedApi:132 - Cannot load RTOS API schema: s4s-elt-must-match.1: The content of 'definitions' must match (annotation?, (simpleType | complexType)?, (unique | key | keyref)*)). A problem was found starting at: attribute.
2023-05-03 13:54:42,814 [INFO] PluginManage:359 - Loaded plugin pinoutconfig (category:base,tabindex:0)
2023-05-03 13:54:42,815 [INFO] PluginManage:310 - Check plugin power
2023-05-03 13:54:42,820 [INFO] PluginManage:359 - Loaded plugin power (category:power,tabindex:4)
2023-05-03 13:54:42,820 [INFO] PluginManage:310 - Check plugin projectmanager
2023-05-03 13:54:42,830 [INFO] PluginManage:359 - Loaded plugin projectmanager (category:projectmanager,tabindex:3)
2023-05-03 13:54:42,831 [INFO] PluginManage:310 - Check plugin thirdparty
2023-05-03 13:54:42,903 [INFO] PluginManage:359 - Loaded plugin thirdparty (category:base,tabindex:-1)
2023-05-03 13:54:42,903 [WARN] IntegrityCheckThread:84 - waiting for thirdparty lock release [integrity check]
2023-05-03 13:54:42,904 [INFO] PluginManage:310 - Check plugin tools
2023-05-03 13:54:42,904 [INFO] IntegrityCheckThread:86 - entering critical section [integrity check]
2023-05-03 13:54:42,905 [INFO] PluginManage:359 - Loaded plugin tools (category:base,tabindex:7)
2023-05-03 13:54:42,905 [INFO] PluginManage:310 - Check plugin tutovideos
2023-05-03 13:54:42,905 [INFO] ThirdPartyUpdaterWithRetryManager:70 - Updater plugin not ready yet. [1/15]
2023-05-03 13:54:43,024 [INFO] PluginManage:359 - Loaded plugin tutovideos (category:base,tabindex:-1)
2023-05-03 13:54:43,024 [INFO] PluginManage:310 - Check plugin updater
2023-05-03 13:54:43,034 [INFO] PluginManage:359 - Loaded plugin updater (category:base,tabindex:12)
2023-05-03 13:54:43,034 [INFO] PluginManage:283 - PluginManage : Loaded plugins [15]
2023-05-03 13:54:43,182 [INFO] PinOutPanel:1499 - setPackage(No Configuration,No Configuration)
2023-05-03 13:54:43,214 [INFO] CADModel:165 - CPN selected for project level
2023-05-03 13:54:43,214 [INFO] CADModel:114 - Register for checkConnection events
2023-05-03 13:54:43,220 [INFO] IPUIPlugin:80 - create IPUIPlugin
2023-05-03 13:54:43,220 [INFO] PluginManager:220 - loadIPPluginJar : add nvic
2023-05-03 13:54:43,228 [INFO] IPUIPlugin:80 - create IPUIPlugin
2023-05-03 13:54:43,228 [INFO] PluginManager:220 - loadIPPluginJar : add adc
2023-05-03 13:54:43,229 [INFO] IPUIPlugin:80 - create IPUIPlugin
2023-05-03 13:54:43,230 [INFO] PluginManager:220 - loadIPPluginJar : add i3c
2023-05-03 13:54:43,231 [INFO] IPUIPlugin:80 - create IPUIPlugin
2023-05-03 13:54:43,231 [INFO] PluginManager:220 - loadIPPluginJar : add openamp
2023-05-03 13:54:43,234 [INFO] IPUIPlugin:80 - create IPUIPlugin
2023-05-03 13:54:43,234 [INFO] PluginManager:220 - loadIPPluginJar : add stm32_wpan
2023-05-03 13:54:43,238 [INFO] IPUIPlugin:80 - create IPUIPlugin
2023-05-03 13:54:43,238 [INFO] PluginManager:220 - loadIPPluginJar : add mdma
2023-05-03 13:54:43,240 [INFO] IPUIPlugin:80 - create IPUIPlugin
2023-05-03 13:54:43,240 [INFO] PluginManager:220 - loadIPPluginJar : add touchsensing
2023-05-03 13:54:43,241 [INFO] IPUIPlugin:80 - create IPUIPlugin
2023-05-03 13:54:43,241 [INFO] PluginManager:220 - loadIPPluginJar : add spi
2023-05-03 13:54:43,242 [INFO] IPUIPlugin:80 - create IPUIPlugin
2023-05-03 13:54:43,242 [INFO] PluginManager:220 - loadIPPluginJar : add aes
2023-05-03 13:54:43,243 [INFO] IPUIPlugin:80 - create IPUIPlugin
2023-05-03 13:54:43,243 [INFO] PluginManager:220 - loadIPPluginJar : add quadspi
2023-05-03 13:54:43,243 [INFO] IPUIPlugin:80 - create IPUIPlugin
2023-05-03 13:54:43,243 [INFO] PluginManager:220 - loadIPPluginJar : add tsc
2023-05-03 13:54:43,244 [INFO] IPUIPlugin:80 - create IPUIPlugin
2023-05-03 13:54:43,244 [INFO] PluginManager:220 - loadIPPluginJar : add tim
2023-05-03 13:54:43,245 [INFO] IPUIPlugin:80 - create IPUIPlugin
2023-05-03 13:54:43,245 [INFO] PluginManager:220 - loadIPPluginJar : add ts
2023-05-03 13:54:43,249 [INFO] IPUIPlugin:80 - create IPUIPlugin
2023-05-03 13:54:43,249 [INFO] PluginManager:220 - loadIPPluginJar : add dma
2023-05-03 13:54:43,250 [INFO] IPUIPlugin:80 - create IPUIPlugin
2023-05-03 13:54:43,250 [INFO] PluginManager:220 - loadIPPluginJar : add fatfs
2023-05-03 13:54:43,251 [INFO] IPUIPlugin:80 - create IPUIPlugin
2023-05-03 13:54:43,251 [INFO] PluginManager:220 - loadIPPluginJar : add ucpd
2023-05-03 13:54:43,253 [INFO] IPUIPlugin:80 - create IPUIPlugin
2023-05-03 13:54:43,253 [INFO] PluginManager:220 - loadIPPluginJar : add ipddr
2023-05-03 13:54:43,257 [INFO] IPUIPlugin:80 - create IPUIPlugin
2023-05-03 13:54:43,257 [INFO] PluginManager:220 - loadIPPluginJar : add freertos
2023-05-03 13:54:43,258 [INFO] IPUIPlugin:80 - create IPUIPlugin
2023-05-03 13:54:43,259 [INFO] PluginManager:220 - loadIPPluginJar : add gtzc
2023-05-03 13:54:43,262 [INFO] IPUIPlugin:80 - create IPUIPlugin
2023-05-03 13:54:43,264 [INFO] PluginManager:220 - loadIPPluginJar : add plateformsettings
2023-05-03 13:54:43,266 [INFO] IPUIPlugin:80 - create IPUIPlugin
2023-05-03 13:54:43,266 [INFO] PluginManager:220 - loadIPPluginJar : add usbx
2023-05-03 13:54:43,267 [INFO] IPUIPlugin:80 - create IPUIPlugin
2023-05-03 13:54:43,267 [INFO] PluginManager:220 - loadIPPluginJar : add genericplugin
2023-05-03 13:54:43,269 [INFO] IPUIPlugin:80 - create IPUIPlugin
2023-05-03 13:54:43,269 [INFO] PluginManager:220 - loadIPPluginJar : add sai
2023-05-03 13:54:43,270 [INFO] IPUIPlugin:80 - create IPUIPlugin
2023-05-03 13:54:43,271 [INFO] PluginManager:220 - loadIPPluginJar : add i2c
2023-05-03 13:54:43,272 [INFO] IPUIPlugin:80 - create IPUIPlugin
2023-05-03 13:54:43,272 [INFO] PluginManager:220 - loadIPPluginJar : add cryp
2023-05-03 13:54:43,276 [INFO] IPUIPlugin:80 - create IPUIPlugin
2023-05-03 13:54:43,276 [INFO] PluginManager:220 - loadIPPluginJar : add linkedlist
2023-05-03 13:54:43,280 [INFO] IPUIPlugin:80 - create IPUIPlugin
2023-05-03 13:54:43,280 [INFO] PluginManager:220 - loadIPPluginJar : add gic
2023-05-03 13:54:43,281 [INFO] IPUIPlugin:80 - create IPUIPlugin
2023-05-03 13:54:43,281 [INFO] PluginManager:220 - loadIPPluginJar : add dfsdm
2023-05-03 13:54:43,282 [INFO] IPUIPlugin:80 - create IPUIPlugin
2023-05-03 13:54:43,282 [INFO] PluginManager:220 - loadIPPluginJar : add tracer_emb
2023-05-03 13:54:43,283 [INFO] IPUIPlugin:80 - create IPUIPlugin
2023-05-03 13:54:43,283 [INFO] PluginManager:220 - loadIPPluginJar : add hash
2023-05-03 13:54:43,284 [INFO] IPUIPlugin:80 - create IPUIPlugin
2023-05-03 13:54:43,284 [INFO] PluginManager:220 - loadIPPluginJar : add usart
2023-05-03 13:54:43,285 [INFO] IPUIPlugin:80 - create IPUIPlugin
2023-05-03 13:54:43,286 [INFO] PluginManager:220 - loadIPPluginJar : add dma3
2023-05-03 13:54:43,287 [INFO] IPUIPlugin:80 - create IPUIPlugin
2023-05-03 13:54:43,287 [INFO] PluginManager:220 - loadIPPluginJar : add opamp
2023-05-03 13:54:43,287 [INFO] IPUIPlugin:80 - create IPUIPlugin
2023-05-03 13:54:43,287 [INFO] PluginManager:220 - loadIPPluginJar : add ltdc
2023-05-03 13:54:43,290 [INFO] IPUIPlugin:80 - create IPUIPlugin
2023-05-03 13:54:43,290 [INFO] PluginManager:220 - loadIPPluginJar : add gpio
2023-05-03 13:54:43,291 [INFO] IPUIPlugin:80 - create IPUIPlugin
2023-05-03 13:54:43,291 [INFO] PluginManager:220 - loadIPPluginJar : add pdm2pcm
2023-05-03 13:54:43,292 [INFO] IPUIPlugin:80 - create IPUIPlugin
2023-05-03 13:54:43,292 [INFO] PluginManager:220 - loadIPPluginJar : add lorawan
2023-05-03 13:54:43,294 [INFO] IPUIPlugin:80 - create IPUIPlugin
2023-05-03 13:54:43,294 [INFO] PluginManager:220 - loadIPPluginJar : add resmgrutility
2023-05-03 13:54:43,296 [INFO] IPUIPlugin:80 - create IPUIPlugin
2023-05-03 13:54:43,296 [INFO] PluginManager:220 - loadIPPluginJar : add can
2023-05-03 13:54:43,297 [INFO] IPUIPlugin:80 - create IPUIPlugin
2023-05-03 13:54:43,297 [INFO] PluginManager:220 - loadIPPluginJar : add gfxmmu
2023-05-03 13:54:43,297 [INFO] IPUIPlugin:80 - create IPUIPlugin
2023-05-03 13:54:43,297 [INFO] PluginManager:220 - loadIPPluginJar : add comp
2023-05-03 13:54:43,298 [INFO] IPUIPlugin:80 - create IPUIPlugin
2023-05-03 13:54:43,298 [INFO] PluginManager:220 - loadIPPluginJar : add i2s
2023-05-03 13:54:43,301 [INFO] IPUIPlugin:80 - create IPUIPlugin
2023-05-03 13:54:43,301 [INFO] PluginManager:220 - loadIPPluginJar : add fmc
2023-05-03 13:54:43,394 [INFO] CADModel:165 - CPN selected for project level
2023-05-03 13:54:43,394 [INFO] CADModel:114 - Register for checkConnection events
2023-05-03 13:54:43,395 [FATAL] Updater:308 - Updater called before beeing initialized
2023-05-03 13:54:43,395 [ERROR] CADModel:125 - Updater not yet initialized, retry later 
2023-05-03 13:54:43,476 [INFO] CADModel:165 - CPN selected for project level
2023-05-03 13:54:43,476 [INFO] CADModel:114 - Register for checkConnection events
2023-05-03 13:54:43,476 [FATAL] Updater:308 - Updater called before beeing initialized
2023-05-03 13:54:43,476 [ERROR] CADModel:125 - Updater not yet initialized, retry later 
2023-05-03 13:54:43,478 [FATAL] Updater:308 - Updater called before beeing initialized
2023-05-03 13:54:43,523 [FATAL] Updater:308 - Updater called before beeing initialized
2023-05-03 13:54:43,527 [INFO] DbMcusAds:53 - JSON generation date=Thu Sep 30 08:55:09 CEST 2021 (1632984909247)
2023-05-03 13:54:43,527 [FATAL] Updater:308 - Updater called before beeing initialized
2023-05-03 13:54:43,549 [WARN] DetailPanel:346 - Failed to get advertising image, set to default
2023-05-03 13:54:43,630 [FATAL] Updater:308 - Updater called before beeing initialized
2023-05-03 13:54:43,631 [FATAL] Updater:308 - Updater called before beeing initialized
2023-05-03 13:54:43,632 [FATAL] Updater:308 - Updater called before beeing initialized
2023-05-03 13:54:43,632 [WARN] DetailPanel:346 - Failed to get advertising image, set to default
2023-05-03 13:54:43,633 [FATAL] Updater:308 - Updater called before beeing initialized
2023-05-03 13:54:43,660 [ERROR] Updater:1120 - MainUpdater not yet initialized. External WinMGr cannot be set.
2023-05-03 13:54:43,663 [INFO] Updater:1056 - Updater Version found : 6.8.1
2023-05-03 13:54:43,679 [INFO] ApplicationProperties:184 - Using Application install path: /opt/st/stm32cubeide_1.12.1_2/plugins/com.st.stm32cube.common.mx_6.8.1.202304191431
2023-05-03 13:54:43,699 [INFO] MainUpdater:519 - Copy updater definitions from MX database
2023-05-03 13:54:43,715 [INFO] MainUpdater:552 - Copy flag file definitions from MX database
2023-05-03 13:54:43,715 [INFO] MainUpdater:568 - Copy thirdparty index definitions from MX database
2023-05-03 13:54:43,716 [INFO] MainUpdater:587 - Copy default thirdparty db definitions from MX database
2023-05-03 13:54:43,744 [INFO] MainUpdater:2854 - connection check result : 10
2023-05-03 13:54:43,744 [INFO] MainUpdater:3548 - Updater definition file requires update
2023-05-03 13:54:43,744 [INFO] MainUpdater:283 - Updater Check For Update Now.
2023-05-03 13:54:43,745 [INFO] MicroXplorer:498 - Change Database Version : DB.6.0.81
2023-05-03 13:54:43,803 [INFO] ServerAccessManage:473 - Download File updaters.zip
2023-05-03 13:54:43,859 [INFO] FileExtend:240 - Unzip File : updaters.zip
2023-05-03 13:54:43,859 [INFO] FileExtend:255 - Standard Zip Deflate
2023-05-03 13:54:43,990 [INFO] ServerAccessManage:473 - Download File PacksControlFlags.xml
2023-05-03 13:54:44,035 [INFO] ServerAccessManage:473 - Download File cubemx.pidx
2023-05-03 13:54:44,126 [INFO] ServerAccessManage:473 - Download File STMicroelectronics.FP-ATR-ASTRA1.pdsc
2023-05-03 13:54:44,235 [INFO] ServerAccessManage:473 - Download File STMicroelectronics.FP-ATR-SIGFOX1.pdsc
2023-05-03 13:54:44,287 [INFO] ServerAccessManage:473 - Download File STMicroelectronics.X-CUBE-AI.pdsc
2023-05-03 13:54:44,663 [INFO] ServerAccessManage:473 - Download File STMicroelectronics.X-CUBE-ALS.pdsc
2023-05-03 13:54:44,745 [INFO] ServerAccessManage:473 - Download File STMicroelectronics.X-CUBE-BLE1.pdsc
2023-05-03 13:54:45,180 [ERROR] ServerAccessManage:1089 - Problem, file not found on Server
2023-05-03 13:54:45,205 [INFO] ServerAccessManage:473 - Download File STMicroelectronics.X-CUBE-BLE2.pdsc
2023-05-03 13:54:45,444 [INFO] ServerAccessManage:473 - Download File STMicroelectronics.X-CUBE-BLEMGR.pdsc
2023-05-03 13:54:45,607 [INFO] ServerAccessManage:473 - Download File STMicroelectronics.X-CUBE-DISPLAY.pdsc
2023-05-03 13:54:45,797 [INFO] ServerAccessManage:473 - Download File STMicroelectronics.X-CUBE-EEPRMA1.pdsc
2023-05-03 13:54:45,907 [WARN] MainUpdater:1187 - Updater busy. Cannot search thirdparties
2023-05-03 13:54:45,907 [INFO] ThirdPartyUpdaterWithRetryManager:96 - Updater plugin is busy. [1/15]
2023-05-03 13:54:45,937 [ERROR] ServerAccessManage:1089 - Problem, file not found on Server
2023-05-03 13:54:46,046 [INFO] ServerAccessManage:473 - Download File STMicroelectronics.X-CUBE-FREERTOS.pdsc
2023-05-03 13:54:46,131 [INFO] ServerAccessManage:473 - Download File STMicroelectronics.X-CUBE-GNSS1.pdsc
2023-05-03 13:54:46,406 [ERROR] ServerAccessManage:1089 - Problem, file not found on Server
2023-05-03 13:54:46,516 [ERROR] ServerAccessManage:1089 - Problem, file not found on Server
2023-05-03 13:54:46,621 [ERROR] ServerAccessManage:1089 - Problem, file not found on Server
2023-05-03 13:54:46,700 [ERROR] ServerAccessManage:1089 - Problem, file not found on Server
2023-05-03 13:54:46,802 [ERROR] ServerAccessManage:1089 - Problem, file not found on Server
2023-05-03 13:54:46,905 [ERROR] ServerAccessManage:1089 - Problem, file not found on Server
2023-05-03 13:54:46,940 [INFO] ServerAccessManage:473 - Download File STMicroelectronics.X-CUBE-ISPU.pdsc
2023-05-03 13:54:47,037 [INFO] ServerAccessManage:473 - Download File STMicroelectronics.X-CUBE-MEMS1.pdsc
2023-05-03 13:54:47,593 [INFO] ServerAccessManage:473 - Download File STMicroelectronics.X-CUBE-NFC4.pdsc
2023-05-03 13:54:47,924 [INFO] ServerAccessManage:473 - Download File STMicroelectronics.X-CUBE-NFC7.pdsc
2023-05-03 13:54:47,975 [INFO] ServerAccessManage:473 - Download File STMicroelectronics.X-CUBE-SFXS2LP1.pdsc
2023-05-03 13:54:48,117 [INFO] ServerAccessManage:473 - Download File STMicroelectronics.X-CUBE-SUBG2.pdsc
2023-05-03 13:54:48,351 [INFO] ServerAccessManage:473 - Download File STMicroelectronics.X-CUBE-SMBUS.pdsc
2023-05-03 13:54:48,485 [ERROR] ServerAccessManage:1089 - Problem, file not found on Server
2023-05-03 13:54:48,530 [INFO] ServerAccessManage:473 - Download File STMicroelectronics.X-CUBE-TOF1.pdsc
2023-05-03 13:54:48,878 [ERROR] ServerAccessManage:1089 - Problem, file not found on Server
2023-05-03 13:54:48,907 [WARN] MainUpdater:1187 - Updater busy. Cannot search thirdparties
2023-05-03 13:54:48,908 [INFO] ThirdPartyUpdaterWithRetryManager:96 - Updater plugin is busy. [2/15]
2023-05-03 13:54:48,926 [INFO] ServerAccessManage:473 - Download File STMicroelectronics.X-CUBE-TOUCHGFX.pdsc
2023-05-03 13:54:49,306 [INFO] ServerAccessManage:473 - Download File STMicroelectronics.X-CUBE-ALGOBUILD.pdsc
2023-05-03 13:54:49,700 [INFO] ServerAccessManage:473 - Download File STMicroelectronics.X-CUBE-AZRTOS-H7.pdsc
2023-05-03 13:54:49,892 [INFO] ServerAccessManage:473 - Download File STMicroelectronics.X-CUBE-AZRTOS-F4.pdsc
2023-05-03 13:54:50,012 [INFO] ServerAccessManage:473 - Download File STMicroelectronics.X-CUBE-AZRTOS-F7.pdsc
2023-05-03 13:54:50,125 [INFO] ServerAccessManage:473 - Download File STMicroelectronics.X-CUBE-AZRTOS-L4.pdsc
2023-05-03 13:54:50,219 [INFO] ServerAccessManage:473 - Download File STMicroelectronics.X-CUBE-AZRTOS-L5.pdsc
2023-05-03 13:54:50,301 [INFO] ServerAccessManage:473 - Download File STMicroelectronics.X-CUBE-AZRTOS-G0.pdsc
2023-05-03 13:54:50,410 [INFO] ServerAccessManage:473 - Download File STMicroelectronics.X-CUBE-AZRTOS-G4.pdsc
2023-05-03 13:54:50,489 [INFO] ServerAccessManage:473 - Download File STMicroelectronics.X-CUBE-AZRTOS-WB.pdsc
2023-05-03 13:54:50,581 [INFO] ServerAccessManage:473 - Download File STMicroelectronics.X-CUBE-AZRTOS-WL.pdsc
2023-05-03 13:54:51,320 [INFO] ServerAccessManage:473 - Download File wolfSSL.I-CUBE-wolfSSL.pdsc
2023-05-03 13:54:51,908 [WARN] MainUpdater:1187 - Updater busy. Cannot search thirdparties
2023-05-03 13:54:51,908 [INFO] ThirdPartyUpdaterWithRetryManager:96 - Updater plugin is busy. [3/15]
2023-05-03 13:54:54,289 [ERROR] ServerAccessManage:1089 - Problem, file not found on Server
2023-05-03 13:54:54,700 [ERROR] ServerAccessManage:1089 - Problem, file not found on Server
2023-05-03 13:54:54,909 [WARN] MainUpdater:1187 - Updater busy. Cannot search thirdparties
2023-05-03 13:54:54,909 [INFO] ThirdPartyUpdaterWithRetryManager:96 - Updater plugin is busy. [4/15]
2023-05-03 13:54:55,065 [ERROR] ServerAccessManage:1089 - Problem, file not found on Server
2023-05-03 13:54:55,825 [ERROR] ServerAccessManage:1096 - Problem, Http access forbiden
2023-05-03 13:54:55,826 [ERROR] ServerAccessManage:651 - Problem, Http access forbiden : RoweBots.I-CUBE-UNISONRTOS.pdsc.
2023-05-03 13:54:56,006 [INFO] ServerAccessManage:473 - Download File SEGGER.I-CUBE-embOS.pdsc
2023-05-03 13:54:56,418 [INFO] ServerAccessManage:473 - Download File portGmbH.I-Cube-SoM-uGOAL.pdsc
2023-05-03 13:54:56,717 [ERROR] ServerAccessManage:1089 - Problem, file not found on Server
2023-05-03 13:54:56,747 [ERROR] ServerAccessManage:1089 - Problem, file not found on Server
2023-05-03 13:54:56,775 [ERROR] ServerAccessManage:1089 - Problem, file not found on Server
2023-05-03 13:54:56,996 [INFO] ServerAccessManage:473 - Download File emotas.I-CUBE-CANOPEN.pdsc
2023-05-03 13:54:57,909 [WARN] MainUpdater:1187 - Updater busy. Cannot search thirdparties
2023-05-03 13:54:57,910 [INFO] ThirdPartyUpdaterWithRetryManager:96 - Updater plugin is busy. [5/15]
2023-05-03 13:54:58,387 [INFO] ServerAccessManage:473 - Download File WES.I-CUBE-Cesium.pdsc
2023-05-03 13:55:00,639 [ERROR] ServerAccessManage:1089 - Problem, file not found on Server
2023-05-03 13:55:00,910 [WARN] MainUpdater:1187 - Updater busy. Cannot search thirdparties
2023-05-03 13:55:00,910 [INFO] ThirdPartyUpdaterWithRetryManager:96 - Updater plugin is busy. [6/15]
2023-05-03 13:55:01,320 [ERROR] ServerAccessManage:1089 - Problem, file not found on Server
2023-05-03 13:55:01,364 [WARN] CheckServerUpdateThread:151 - Open CheckUpdateFile Fail
2023-05-03 13:55:01,364 [WARN] PackLoader:240 - Cannot read IP mode file for STMicroelectronics.FP-ATR-ASTRA1.2.0.0
2023-05-03 13:55:01,368 [WARN] PackLoader:240 - Cannot read IP mode file for STMicroelectronics.FP-ATR-SIGFOX1.3.2.0
2023-05-03 13:55:01,371 [WARN] PackLoader:240 - Cannot read IP mode file for STMicroelectronics.X-CUBE-AI.8.0.0
2023-05-03 13:55:01,375 [WARN] PackLoader:240 - Cannot read IP mode file for STMicroelectronics.X-CUBE-ALS.1.0.1
2023-05-03 13:55:01,379 [WARN] PackLoader:240 - Cannot read IP mode file for STMicroelectronics.X-CUBE-BLE1.6.2.4
2023-05-03 13:55:01,382 [WARN] PackLoader:240 - Cannot read IP mode file for STMicroelectronics.X-CUBE-BLE2.3.3.0
2023-05-03 13:55:01,388 [WARN] PackLoader:240 - Cannot read IP mode file for STMicroelectronics.X-CUBE-BLEMGR.2.0.0
2023-05-03 13:55:01,396 [WARN] PackLoader:240 - Cannot read IP mode file for STMicroelectronics.X-CUBE-DISPLAY.3.0.0
2023-05-03 13:55:01,404 [WARN] PackLoader:240 - Cannot read IP mode file for STMicroelectronics.X-CUBE-EEPRMA1.4.1.0
2023-05-03 13:55:01,409 [WARN] PackLoader:240 - Cannot read IP mode file for STMicroelectronics.X-CUBE-FREERTOS.1.0.1
2023-05-03 13:55:01,412 [WARN] PackLoader:240 - Cannot read IP mode file for STMicroelectronics.X-CUBE-GNSS1.6.0.0
2023-05-03 13:55:01,416 [WARN] PackLoader:240 - Cannot read IP mode file for STMicroelectronics.X-CUBE-ISPU.1.1.0
2023-05-03 13:55:01,478 [INFO] CheckServerUpdateThread:120 - End of CheckServer Thread
2023-05-03 13:55:01,481 [WARN] PackLoader:240 - Cannot read IP mode file for STMicroelectronics.X-CUBE-MEMS1.9.6.0
2023-05-03 13:55:01,577 [INFO] MainUpdater:2854 - connection check result : 10
2023-05-03 13:55:01,578 [INFO] McuFinderGlobals:66 - Set McuFinderConnectedMode to true
2023-05-03 13:55:01,633 [WARN] PackLoader:240 - Cannot read IP mode file for STMicroelectronics.X-CUBE-NFC4.3.0.0
2023-05-03 13:55:01,638 [WARN] PackLoader:240 - Cannot read IP mode file for STMicroelectronics.X-CUBE-NFC7.1.0.0
2023-05-03 13:55:01,644 [WARN] PackLoader:240 - Cannot read IP mode file for STMicroelectronics.X-CUBE-SFXS2LP1.4.0.0
2023-05-03 13:55:01,654 [WARN] PackLoader:240 - Cannot read IP mode file for STMicroelectronics.X-CUBE-SUBG2.5.0.0
2023-05-03 13:55:01,661 [WARN] PackLoader:240 - Cannot read IP mode file for STMicroelectronics.X-CUBE-SMBUS.2.1.0
2023-05-03 13:55:01,668 [WARN] PackLoader:240 - Cannot read IP mode file for STMicroelectronics.X-CUBE-TOF1.3.3.0
2023-05-03 13:55:01,679 [WARN] PackLoader:240 - Cannot read IP mode file for STMicroelectronics.X-CUBE-TOUCHGFX.4.21.3
2023-05-03 13:55:01,683 [WARN] PackLoader:240 - Cannot read IP mode file for STMicroelectronics.X-CUBE-ALGOBUILD.1.3.0
2023-05-03 13:55:01,698 [WARN] ConditionMgr:438 - getConditionDescription Invalid condition id : UX DEVICE CLASS RTOS Condition cause : null
2023-05-03 13:55:01,698 [WARN] ConditionMgr:438 - getConditionDescription Invalid condition id : UX DEVICE CLASS RTOS Condition cause : null
2023-05-03 13:55:01,700 [WARN] PackLoader:240 - Cannot read IP mode file for STMicroelectronics.X-CUBE-AZRTOS-H7.3.1.0
2023-05-03 13:55:01,701 [WARN] ConditionMgr:1039 - genDependencies : Invalid condition id : UX DEVICE CLASS RTOS Condition cause : null
2023-05-03 13:55:01,701 [WARN] ConditionMgr:1039 - genDependencies : Invalid condition id : UX DEVICE CLASS RTOS Condition cause : null
2023-05-03 13:55:01,701 [WARN] ConditionMgr:1039 - genDependencies : Invalid condition id : UX DEVICE CLASS RTOS Condition cause : null
2023-05-03 13:55:01,702 [WARN] ConditionMgr:1039 - genDependencies : Invalid condition id : UX DEVICE CLASS RTOS Condition cause : null
2023-05-03 13:55:01,702 [WARN] ConditionMgr:1039 - genDependencies : Invalid condition id : UX DEVICE CLASS RTOS Condition cause : null
2023-05-03 13:55:01,713 [WARN] PackLoader:240 - Cannot read IP mode file for STMicroelectronics.X-CUBE-AZRTOS-F4.1.1.0
2023-05-03 13:55:01,725 [WARN] PackLoader:240 - Cannot read IP mode file for STMicroelectronics.X-CUBE-AZRTOS-F7.1.1.0
2023-05-03 13:55:01,735 [WARN] PackLoader:240 - Cannot read IP mode file for STMicroelectronics.X-CUBE-AZRTOS-L4.1.0.0
2023-05-03 13:55:01,745 [WARN] PackLoader:240 - Cannot read IP mode file for STMicroelectronics.X-CUBE-AZRTOS-L5.1.1.0
2023-05-03 13:55:01,755 [WARN] PackLoader:240 - Cannot read IP mode file for STMicroelectronics.X-CUBE-AZRTOS-G0.1.1.0
2023-05-03 13:55:01,765 [WARN] PackLoader:240 - Cannot read IP mode file for STMicroelectronics.X-CUBE-AZRTOS-G4.2.0.0
2023-05-03 13:55:01,773 [WARN] PackLoader:240 - Cannot read IP mode file for STMicroelectronics.X-CUBE-AZRTOS-WB.1.1.0
2023-05-03 13:55:01,779 [WARN] PackLoader:240 - Cannot read IP mode file for STMicroelectronics.X-CUBE-AZRTOS-WL.1.0.0
2023-05-03 13:55:01,782 [WARN] PackLoader:240 - Cannot read IP mode file for wolfSSL.I-CUBE-wolfSSL.5.6.0
2023-05-03 13:55:01,786 [INFO] ServerAccessManage:473 - Download File mcusAds.json._tmp_
2023-05-03 13:55:01,800 [WARN] PackLoader:240 - Cannot read IP mode file for SEGGER.I-CUBE-embOS.1.3.1
2023-05-03 13:55:01,834 [WARN] PackLoader:240 - Cannot read IP mode file for portGmbH.I-Cube-SoM-uGOAL.1.1.0
2023-05-03 13:55:01,837 [WARN] PackLoader:240 - Cannot read IP mode file for emotas.I-CUBE-CANOPEN.1.1.3
2023-05-03 13:55:01,840 [WARN] PackLoader:240 - Cannot read IP mode file for WES.I-CUBE-Cesium.1.3.0
2023-05-03 13:55:01,840 [INFO] PopulateThirdPartyThread:66 - Ending populate Thread
2023-05-03 13:55:01,843 [INFO] ThirdParty:1030 - CMSIS Pack Vendor :STMicroelectronics X-CUBE-ISPU 1.1.0
2023-05-03 13:55:01,843 [INFO] ThirdParty:1030 - CMSIS Pack Vendor :STMicroelectronics X-CUBE-DISPLAY 3.0.0
2023-05-03 13:55:01,843 [INFO] ThirdParty:1030 - CMSIS Pack Vendor :STMicroelectronics X-CUBE-GNSS1 6.0.0
2023-05-03 13:55:01,843 [INFO] ThirdParty:1030 - CMSIS Pack Vendor :STMicroelectronics X-CUBE-AZRTOS-F4 1.1.0
2023-05-03 13:55:01,843 [INFO] ThirdParty:1030 - CMSIS Pack Vendor :STMicroelectronics FP-ATR-SIGFOX1 3.2.0
2023-05-03 13:55:01,843 [INFO] ThirdParty:1030 - CMSIS Pack Vendor :STMicroelectronics X-CUBE-SMBUS 2.1.0
2023-05-03 13:55:01,843 [INFO] ThirdParty:1030 - CMSIS Pack Vendor :STMicroelectronics X-CUBE-AZRTOS-L4 1.0.0
2023-05-03 13:55:01,843 [INFO] ThirdParty:1030 - CMSIS Pack Vendor :wolfSSL I-CUBE-wolfSSL 5.6.0
2023-05-03 13:55:01,843 [INFO] ThirdParty:1030 - CMSIS Pack Vendor :STMicroelectronics X-CUBE-AI 8.0.0
2023-05-03 13:55:01,843 [INFO] ThirdParty:1030 - CMSIS Pack Vendor :STMicroelectronics X-CUBE-FREERTOS 1.0.1
2023-05-03 13:55:01,844 [INFO] ThirdParty:1030 - CMSIS Pack Vendor :STMicroelectronics X-CUBE-NFC7 1.0.0
2023-05-03 13:55:01,844 [INFO] ThirdParty:1030 - CMSIS Pack Vendor :STMicroelectronics X-CUBE-TOUCHGFX 4.21.3
2023-05-03 13:55:01,844 [INFO] ThirdParty:1030 - CMSIS Pack Vendor :STMicroelectronics X-CUBE-AZRTOS-WL 1.0.0
2023-05-03 13:55:01,844 [INFO] ThirdParty:1030 - CMSIS Pack Vendor :STMicroelectronics X-CUBE-AZRTOS-F7 1.1.0
2023-05-03 13:55:01,844 [INFO] ThirdParty:1030 - CMSIS Pack Vendor :STMicroelectronics X-CUBE-ALS 1.0.1
2023-05-03 13:55:01,844 [INFO] ThirdParty:1030 - CMSIS Pack Vendor :STMicroelectronics X-CUBE-EEPRMA1 4.1.0
2023-05-03 13:55:01,844 [INFO] ThirdParty:1030 - CMSIS Pack Vendor :portGmbH I-Cube-SoM-uGOAL 1.1.0
2023-05-03 13:55:01,844 [INFO] ThirdParty:1030 - CMSIS Pack Vendor :STMicroelectronics X-CUBE-MEMS1 9.6.0
2023-05-03 13:55:01,844 [INFO] ThirdParty:1030 - CMSIS Pack Vendor :STMicroelectronics X-CUBE-AZRTOS-WB 1.1.0
2023-05-03 13:55:01,844 [INFO] ThirdParty:1030 - CMSIS Pack Vendor :STMicroelectronics X-CUBE-ALGOBUILD 1.3.0
2023-05-03 13:55:01,844 [INFO] ThirdParty:1030 - CMSIS Pack Vendor :SEGGER I-CUBE-embOS 1.3.1
2023-05-03 13:55:01,844 [INFO] ThirdParty:1030 - CMSIS Pack Vendor :STMicroelectronics X-CUBE-BLE1 6.2.4
2023-05-03 13:55:01,844 [INFO] ThirdParty:1030 - CMSIS Pack Vendor :STMicroelectronics X-CUBE-AZRTOS-L5 1.1.0
2023-05-03 13:55:01,844 [INFO] ThirdParty:1030 - CMSIS Pack Vendor :STMicroelectronics X-CUBE-AZRTOS-G0 1.1.0
2023-05-03 13:55:01,844 [INFO] ThirdParty:1030 - CMSIS Pack Vendor :emotas I-CUBE-CANOPEN 1.1.3
2023-05-03 13:55:01,844 [INFO] ThirdParty:1030 - CMSIS Pack Vendor :STMicroelectronics X-CUBE-BLEMGR 2.0.0
2023-05-03 13:55:01,844 [INFO] ThirdParty:1030 - CMSIS Pack Vendor :STMicroelectronics X-CUBE-NFC4 3.0.0
2023-05-03 13:55:01,844 [INFO] ThirdParty:1030 - CMSIS Pack Vendor :STMicroelectronics X-CUBE-SUBG2 5.0.0
2023-05-03 13:55:01,844 [INFO] ThirdParty:1030 - CMSIS Pack Vendor :STMicroelectronics FP-ATR-ASTRA1 2.0.0
2023-05-03 13:55:01,844 [INFO] ThirdParty:1030 - CMSIS Pack Vendor :WES I-CUBE-Cesium 1.3.0
2023-05-03 13:55:01,844 [INFO] ThirdParty:1030 - CMSIS Pack Vendor :STMicroelectronics X-CUBE-SFXS2LP1 4.0.0
2023-05-03 13:55:01,844 [INFO] ThirdParty:1030 - CMSIS Pack Vendor :STMicroelectronics X-CUBE-BLE2 3.3.0
2023-05-03 13:55:01,844 [INFO] ThirdParty:1030 - CMSIS Pack Vendor :STMicroelectronics X-CUBE-AZRTOS-G4 2.0.0
2023-05-03 13:55:01,844 [INFO] ThirdParty:1030 - CMSIS Pack Vendor :STMicroelectronics X-CUBE-TOF1 3.3.0
2023-05-03 13:55:01,844 [INFO] ThirdParty:1030 - CMSIS Pack Vendor :STMicroelectronics X-CUBE-AZRTOS-H7 3.1.0
2023-05-03 13:55:01,845 [INFO] LoadServerUpdatesThread:373 - End of LoadServerUpdate Thread
2023-05-03 13:55:01,890 [INFO] LoadUrlFilesThread:156 - End of LoadUrlFiles Thread
2023-05-03 13:55:02,093 [INFO] ServerAccessManage:473 - Download File cube-finder-db.zip
2023-05-03 13:55:03,050 [INFO] FileExtend:240 - Unzip File : cube-finder-db.zip
2023-05-03 13:55:03,050 [INFO] FileExtend:255 - Standard Zip Deflate
2023-05-03 13:55:03,468 [INFO] LoadUrlFilesThread:156 - End of LoadUrlFiles Thread
2023-05-03 13:55:03,795 [INFO] ServerAccessManage:473 - Download File crdb.zip
2023-05-03 13:55:03,911 [WARN] MainUpdater:1187 - Updater busy. Cannot search thirdparties
2023-05-03 13:55:03,911 [INFO] ThirdPartyUpdaterWithRetryManager:96 - Updater plugin is busy. [7/15]
2023-05-03 13:55:04,008 [INFO] FileExtend:240 - Unzip File : crdb.zip
2023-05-03 13:55:04,008 [INFO] FileExtend:255 - Standard Zip Deflate
2023-05-03 13:55:04,130 [INFO] LoadUrlFilesThread:156 - End of LoadUrlFiles Thread
2023-05-03 13:55:04,268 [INFO] ServerAccessManage:473 - Download File tutoVideoDB.zip
2023-05-03 13:55:04,272 [INFO] FileExtend:240 - Unzip File : tutoVideoDB.zip
2023-05-03 13:55:04,273 [INFO] FileExtend:255 - Standard Zip Deflate
2023-05-03 13:55:04,376 [INFO] LoadUrlFilesThread:156 - End of LoadUrlFiles Thread
2023-05-03 13:55:04,381 [WARN] DbFile:41 - Overriding database path with different value: /home/andreas/.stmcufinder/plugins/mcufinder/ => /home/andreas/.stmcufinder/plugins/mcufinder
2023-05-03 13:55:04,507 [INFO] ServerAccessManage:473 - Download File api_config.json
2023-05-03 13:55:04,611 [INFO] LoadUrlFilesThread:156 - End of LoadUrlFiles Thread
2023-05-03 13:55:04,611 [INFO] DbMcusAds:53 - JSON generation date=Tue Mar 07 09:50:55 CET 2023 (1678179055335)
2023-05-03 13:55:04,663 [INFO] ServerAccessManage:473 - Download File 
2023-05-03 13:55:04,673 [INFO] LoadUrlFilesThread:185 - End of LoadServerUrlFiles without Thread
2023-05-03 13:55:04,673 [INFO] TargetSelectorAdapter:259 - Refresh data is successful
2023-05-03 13:55:04,720 [INFO] ApiDb:581 - Connected to CubeFinder SQLite database (/home/andreas/.stmcufinder/plugins/mcufinder/mcu/cube-finder-db.db)
2023-05-03 13:55:04,746 [INFO] ApiDb:668 - CubeFinder database Data Model version=2.1
2023-05-03 13:55:04,746 [INFO] ApiDb:669 - CubeFinder database Configuration version=3.0.35
2023-05-03 13:55:04,747 [INFO] ApiDb:670 - CubeFinder database generation date=2023-04-03 (1680511692)
2023-05-03 13:55:04,747 [INFO] ApiDb:671 - CubeFinder database FW Pack versions=[FP-ATR-ASTRA1_V2.0.0, STM32Cube_FW_C0_V1.0.1, STM32Cube_FW_F0_V1.11.4, STM32Cube_FW_F3_V1.11.4, STM32Cube_FW_F4_V1.27.1, STM32Cube_FW_F7_V1.17.0, STM32Cube_FW_G0_V1.6.1, STM32Cube_FW_G4_V1.5.1, STM32Cube_FW_H5_V0.5.1, STM32Cube_FW_H5_V1.0.0, STM32Cube_FW_H7_V1.11.0, STM32Cube_FW_L0_V1.12.2, STM32Cube_FW_L5_V1.5.0, STM32Cube_FW_U5_V1.2.0, STM32Cube_FW_WBA_V1.0.0, STM32Cube_FW_WBA_V1.0.0RC1, STM32Cube_FW_WBA_V1.0.0RC3, STM32Cube_FW_WB_V1.15.0RC1, STM32Cube_FW_WB_V1.16.0, STM32Cube_FW_WB_V1.16.0RC2, STM32Cube_FW_WL_V1.3.0, X-CUBE-ALGOBUILD_V1.3.0, X-CUBE-ALS_V1.0.1, X-CUBE-AZRTOS-F4_V1.1.0, X-CUBE-AZRTOS-F7_V1.1.0, X-CUBE-AZRTOS-G0_V1.1.0, X-CUBE-AZRTOS-G4_V1.0.0, X-CUBE-AZRTOS-H7_V3.0.0, X-CUBE-AZRTOS-L4_V1.0.0, X-CUBE-AZRTOS-L5_V1.1.0, X-CUBE-AZRTOS-WB_V1.1.0, X-CUBE-AZRTOS-WL_V1.0.0, X-CUBE-BLE1_V6.2.4, X-CUBE-BLE2_V3.3.0, X-CUBE-BLEMGR_V1.3.0, X-CUBE-EEPRMA1_V4.1.0, X-CUBE-FREERTOS_V1.0.1, X-CUBE-GNSS1_V6.0.0, X-CUBE-MEMS1_V9.1.0, X-CUBE-MEMS1_V9.4.0, X-CUBE-MEMS1_V9.5.0, X-CUBE-NFC4_V3.0.0, X-CUBE-NFC7_V1.0.0, X-CUBE-SFXS2LP1_V4.0.0, X-CUBE-SUBG2_V5.0.0]
2023-05-03 13:55:06,028 [INFO] ApiDb:240 - Found 297 in-development CPN: [B-G473E-ZEST1S, B-WB1M-WPAN1, B-WL5M-SUBG1, NUCLEO-C031C6, NUCLEO-H503RB, NUCLEO-H563ZI, NUCLEO-U545RE-Q, NUCLEO-U5A5ZJ-Q, NUCLEO-WBA52CG, STEVAL-PROTEUS1, STEVAL-STWINBX1, STM320518-EVAL, STM32C0116-DK, STM32C011D6Y3TR, STM32C011D6Y6TR, STM32C011F4P3, STM32C011F4P6, STM32C011F4U3, STM32C011F4U6TR, STM32C011F6P3, STM32C011F6P6, STM32C011F6U3, STM32C011F6U6TR, STM32C011J4M3, STM32C011J4M6, STM32C011J6M3, STM32C011J6M6, STM32C0316-DK, STM32C031C4T3, STM32C031C4T6, STM32C031C4U3, STM32C031C4U6, STM32C031C6T3, STM32C031C6T6, STM32C031C6U3, STM32C031C6U6, STM32C031F4P3, STM32C031F4P6, STM32C031F6P3, STM32C031F6P6, STM32C031G4U3, STM32C031G4U6, STM32C031G6U3, STM32C031G6U6, STM32C031K4T3, STM32C031K4T6, STM32C031K4U3, STM32C031K4U6, STM32C031K6T3, STM32C031K6T6, STM32C031K6U3, STM32C031K6U6, STM32G071K8TXN, STM32G071K8UXN, STM32G081GBU6N, STM32G081KBT6N, STM32G081KBUXN, STM32G0B1CCT6N, STM32G0B1KCT6, STM32G0B1NEY6TR, STM32G0B1RCT6N, STM32G0C1CCT6, STM32G0C1CCT6N, STM32G0C1CCU6N, STM32G0C1CET6N, STM32G0C1CEU6N, STM32G0C1KCT6, STM32G0C1NEY6TR, STM32G0C1RCI6N, STM32G0C1RCT6N, STM32G0C1REI6N, STM32G0C1RET6N, STM32G0C1VCI6, STM32G0C1VEI6, STM32G471CCT6, STM32G471CCU6, STM32G471CET3, STM32G471CET6, STM32G471CEU3, STM32G471CEU6, STM32G471MCT6, STM32G471MET3, STM32G471MET6, STM32G471MEY6TR, STM32G471QCT6, STM32G471QET3, STM32G471RCT6, STM32G471RET3, STM32G471RET6, STM32G471VCH6, STM32G471VCI6, STM32G471VCT6, STM32G471VEH3, STM32G471VEH6, STM32G471VEI3, STM32G471VEI6, STM32G471VET3, STM32G471VET6, STM32G474CCT6, STM32H503CBT6, STM32H503CBU6, STM32H503EBY6TR, STM32H503KBU6, STM32H503RBT6, STM32H562AGI6, STM32H562AII6, STM32H562IGK6, STM32H562IGT6, STM32H562IIK6, STM32H562IIT6, STM32H562RGT6, STM32H562RGV6, STM32H562RIT6, STM32H562RIV6, STM32H562VGT6, STM32H562VIT6, STM32H562ZGT6, STM32H562ZIT6, STM32H563AGI6, STM32H563AII3Q, STM32H563AII6, STM32H563IGK6, STM32H563IGT6, STM32H563IIK3Q, STM32H563IIK6, STM32H563IIT3Q, STM32H563IIT6, STM32H563MIY3QTR, STM32H563RGT6, STM32H563RGV6, STM32H563RIT6, STM32H563RIV6, STM32H563VGT6, STM32H563VIT3Q, STM32H563VIT6, STM32H563ZGT6, STM32H563ZIT3Q, STM32H563ZIT6, STM32H573AII3Q, STM32H573AII6, STM32H573I-DK, STM32H573IIK3Q, STM32H573IIK6, STM32H573IIT3Q, STM32H573IIT6, STM32H573MIY3QTR, STM32H573RIT6, STM32H573RIV6, STM32H573VIT3Q, STM32H573VIT6, STM32H573ZIT3Q, STM32H573ZIT6, STM32L4R5QGI6STR, STM32MP131AAE3, STM32MP131AAF3, STM32MP131AAG3, STM32MP131CAE3, STM32MP131CAF3, STM32MP131CAG3, STM32MP131DAE7, STM32MP131DAF7, STM32MP131DAG7, STM32MP131FAE7, STM32MP131FAF7, STM32MP131FAG7, STM32MP133AAE3, STM32MP133AAF3, STM32MP133AAG3, STM32MP133CAE3, STM32MP133CAF3, STM32MP133CAG3, STM32MP133DAE7, STM32MP133DAF7, STM32MP133DAG7, STM32MP133FAE7, STM32MP133FAF7, STM32MP133FAG7, STM32MP135AAE3, STM32MP135AAF3, STM32MP135AAG3, STM32MP135CAE3, STM32MP135CAF3, STM32MP135CAG3, STM32MP135DAE7, STM32MP135DAF7, STM32MP135DAG7, STM32MP135F-DK, STM32MP135FAE7, STM32MP135FAF7, STM32MP135FAF7T, STM32MP135FAF7U, STM32MP135FAG7, STM32U535CBT6, STM32U535CBT6Q, STM32U535CBU6, STM32U535CBU6Q, STM32U535CCT6, STM32U535CCT6Q, STM32U535CCU6, STM32U535CCU6Q, STM32U535CET6, STM32U535CET6Q, STM32U535CEU6, STM32U535CEU6Q, STM32U535JEY6QTR, STM32U535NCY6QTR, STM32U535NEY6QTR, STM32U535RBI6, STM32U535RBI6Q, STM32U535RBT6, STM32U535RBT6Q, STM32U535RCI6, STM32U535RCI6Q, STM32U535RCT6, STM32U535RCT6Q, STM32U535REI6, STM32U535REI6Q, STM32U535RET6, STM32U535RET6Q, STM32U535VCI6, STM32U535VCI6Q, STM32U535VCT6, STM32U535VCT6Q, STM32U535VEI6, STM32U535VEI6Q, STM32U535VET6, STM32U535VET6Q, STM32U545CET6, STM32U545CET6Q, STM32U545CEU6, STM32U545CEU6Q, STM32U545JEY6QTR, STM32U545NEY6QTR, STM32U545REI6, STM32U545REI6Q, STM32U545RET6, STM32U545RET6Q, STM32U545VEI6, STM32U545VEI6Q, STM32U545VET6, STM32U545VET6Q, STM32U595AIH6, STM32U595AIH6Q, STM32U595AJH6, STM32U595AJH6Q, STM32U595QII6, STM32U595QII6Q, STM32U595QJI6, STM32U595QJI6Q, STM32U595RIT6, STM32U595RIT6Q, STM32U595RJT6, STM32U595RJT6Q, STM32U595VIT6, STM32U595VIT6Q, STM32U595VJT6, STM32U595VJT6Q, STM32U595ZIT6, STM32U595ZIT6Q, STM32U595ZIY6QTR, STM32U595ZJT6, STM32U595ZJT6Q, STM32U595ZJY6QTR, STM32U599BJY6QTR, STM32U599NIH6Q, STM32U599NJH6Q, STM32U599VIT6Q, STM32U599VJT6, STM32U599VJT6Q, STM32U599ZIT6Q, STM32U599ZIY6QTR, STM32U599ZJT6Q, STM32U599ZJY6QTR, STM32U5A5AJH6, STM32U5A5AJH6Q, STM32U5A5QJI6, STM32U5A5QJI6Q, STM32U5A5RJT6, STM32U5A5RJT6Q, STM32U5A5VJT6, STM32U5A5VJT6Q, STM32U5A5ZJT6, STM32U5A5ZJT6Q, STM32U5A5ZJY6QTR, STM32U5A9BJY6QTR, STM32U5A9J-DK, STM32U5A9NJH6Q, STM32U5A9VJT6Q, STM32U5A9ZJT6Q, STM32U5A9ZJY6QTR, STM32WB1MMCH6, STM32WBA52CEU6, STM32WBA52CEU6T, STM32WBA52CGU6, STM32WBA52CGU6T, STM32WL5MOCH6, STM32WL5MOCH6TR]
2023-05-03 13:55:06,032 [INFO] DbMcus:216 - Found 3775 MCUs, 3775 are supported
2023-05-03 13:55:06,032 [INFO] ApiDb:414 - User favorites file not found: /home/andreas/.stm32cubeide/favorites.mcus.txt
2023-05-03 13:55:06,033 [INFO] DbMcus:222 - Set 0 / 0 favorites MCUs
2023-05-03 13:55:06,204 [INFO] ApiDb:668 - CubeFinder database Data Model version=2.1
2023-05-03 13:55:06,204 [INFO] ApiDb:669 - CubeFinder database Configuration version=3.0.35
2023-05-03 13:55:06,204 [INFO] ApiDb:670 - CubeFinder database generation date=2023-04-03 (1680511692)
2023-05-03 13:55:06,204 [INFO] ApiDb:671 - CubeFinder database FW Pack versions=[FP-ATR-ASTRA1_V2.0.0, STM32Cube_FW_C0_V1.0.1, STM32Cube_FW_F0_V1.11.4, STM32Cube_FW_F3_V1.11.4, STM32Cube_FW_F4_V1.27.1, STM32Cube_FW_F7_V1.17.0, STM32Cube_FW_G0_V1.6.1, STM32Cube_FW_G4_V1.5.1, STM32Cube_FW_H5_V0.5.1, STM32Cube_FW_H5_V1.0.0, STM32Cube_FW_H7_V1.11.0, STM32Cube_FW_L0_V1.12.2, STM32Cube_FW_L5_V1.5.0, STM32Cube_FW_U5_V1.2.0, STM32Cube_FW_WBA_V1.0.0, STM32Cube_FW_WBA_V1.0.0RC1, STM32Cube_FW_WBA_V1.0.0RC3, STM32Cube_FW_WB_V1.15.0RC1, STM32Cube_FW_WB_V1.16.0, STM32Cube_FW_WB_V1.16.0RC2, STM32Cube_FW_WL_V1.3.0, X-CUBE-ALGOBUILD_V1.3.0, X-CUBE-ALS_V1.0.1, X-CUBE-AZRTOS-F4_V1.1.0, X-CUBE-AZRTOS-F7_V1.1.0, X-CUBE-AZRTOS-G0_V1.1.0, X-CUBE-AZRTOS-G4_V1.0.0, X-CUBE-AZRTOS-H7_V3.0.0, X-CUBE-AZRTOS-L4_V1.0.0, X-CUBE-AZRTOS-L5_V1.1.0, X-CUBE-AZRTOS-WB_V1.1.0, X-CUBE-AZRTOS-WL_V1.0.0, X-CUBE-BLE1_V6.2.4, X-CUBE-BLE2_V3.3.0, X-CUBE-BLEMGR_V1.3.0, X-CUBE-EEPRMA1_V4.1.0, X-CUBE-FREERTOS_V1.0.1, X-CUBE-GNSS1_V6.0.0, X-CUBE-MEMS1_V9.1.0, X-CUBE-MEMS1_V9.4.0, X-CUBE-MEMS1_V9.5.0, X-CUBE-NFC4_V3.0.0, X-CUBE-NFC7_V1.0.0, X-CUBE-SFXS2LP1_V4.0.0, X-CUBE-SUBG2_V5.0.0]
2023-05-03 13:55:06,233 [INFO] DbBoardsSqlite:226 - include board P-NUCLEO-WB55-NUCLEO as a kit item of type 'Nucleo-64'
2023-05-03 13:55:06,233 [INFO] DbBoardsSqlite:226 - include board P-NUCLEO-WB55-USBDONGLE as a kit item of type 'Nucleo USB Dongle'
2023-05-03 13:55:06,234 [INFO] DbBoardsSqlite:226 - include board STEVAL-IDP005V1 as a kit item of type 'Evaluation Board'
2023-05-03 13:55:06,234 [INFO] DbBoardsSqlite:226 - include board STEVAL-IDP005V2 as a kit item of type 'Evaluation Board'
2023-05-03 13:55:06,250 [INFO] ApiDb:240 - Found 297 in-development CPN: [B-G473E-ZEST1S, B-WB1M-WPAN1, B-WL5M-SUBG1, NUCLEO-C031C6, NUCLEO-H503RB, NUCLEO-H563ZI, NUCLEO-U545RE-Q, NUCLEO-U5A5ZJ-Q, NUCLEO-WBA52CG, STEVAL-PROTEUS1, STEVAL-STWINBX1, STM320518-EVAL, STM32C0116-DK, STM32C011D6Y3TR, STM32C011D6Y6TR, STM32C011F4P3, STM32C011F4P6, STM32C011F4U3, STM32C011F4U6TR, STM32C011F6P3, STM32C011F6P6, STM32C011F6U3, STM32C011F6U6TR, STM32C011J4M3, STM32C011J4M6, STM32C011J6M3, STM32C011J6M6, STM32C0316-DK, STM32C031C4T3, STM32C031C4T6, STM32C031C4U3, STM32C031C4U6, STM32C031C6T3, STM32C031C6T6, STM32C031C6U3, STM32C031C6U6, STM32C031F4P3, STM32C031F4P6, STM32C031F6P3, STM32C031F6P6, STM32C031G4U3, STM32C031G4U6, STM32C031G6U3, STM32C031G6U6, STM32C031K4T3, STM32C031K4T6, STM32C031K4U3, STM32C031K4U6, STM32C031K6T3, STM32C031K6T6, STM32C031K6U3, STM32C031K6U6, STM32G071K8TXN, STM32G071K8UXN, STM32G081GBU6N, STM32G081KBT6N, STM32G081KBUXN, STM32G0B1CCT6N, STM32G0B1KCT6, STM32G0B1NEY6TR, STM32G0B1RCT6N, STM32G0C1CCT6, STM32G0C1CCT6N, STM32G0C1CCU6N, STM32G0C1CET6N, STM32G0C1CEU6N, STM32G0C1KCT6, STM32G0C1NEY6TR, STM32G0C1RCI6N, STM32G0C1RCT6N, STM32G0C1REI6N, STM32G0C1RET6N, STM32G0C1VCI6, STM32G0C1VEI6, STM32G471CCT6, STM32G471CCU6, STM32G471CET3, STM32G471CET6, STM32G471CEU3, STM32G471CEU6, STM32G471MCT6, STM32G471MET3, STM32G471MET6, STM32G471MEY6TR, STM32G471QCT6, STM32G471QET3, STM32G471RCT6, STM32G471RET3, STM32G471RET6, STM32G471VCH6, STM32G471VCI6, STM32G471VCT6, STM32G471VEH3, STM32G471VEH6, STM32G471VEI3, STM32G471VEI6, STM32G471VET3, STM32G471VET6, STM32G474CCT6, STM32H503CBT6, STM32H503CBU6, STM32H503EBY6TR, STM32H503KBU6, STM32H503RBT6, STM32H562AGI6, STM32H562AII6, STM32H562IGK6, STM32H562IGT6, STM32H562IIK6, STM32H562IIT6, STM32H562RGT6, STM32H562RGV6, STM32H562RIT6, STM32H562RIV6, STM32H562VGT6, STM32H562VIT6, STM32H562ZGT6, STM32H562ZIT6, STM32H563AGI6, STM32H563AII3Q, STM32H563AII6, STM32H563IGK6, STM32H563IGT6, STM32H563IIK3Q, STM32H563IIK6, STM32H563IIT3Q, STM32H563IIT6, STM32H563MIY3QTR, STM32H563RGT6, STM32H563RGV6, STM32H563RIT6, STM32H563RIV6, STM32H563VGT6, STM32H563VIT3Q, STM32H563VIT6, STM32H563ZGT6, STM32H563ZIT3Q, STM32H563ZIT6, STM32H573AII3Q, STM32H573AII6, STM32H573I-DK, STM32H573IIK3Q, STM32H573IIK6, STM32H573IIT3Q, STM32H573IIT6, STM32H573MIY3QTR, STM32H573RIT6, STM32H573RIV6, STM32H573VIT3Q, STM32H573VIT6, STM32H573ZIT3Q, STM32H573ZIT6, STM32L4R5QGI6STR, STM32MP131AAE3, STM32MP131AAF3, STM32MP131AAG3, STM32MP131CAE3, STM32MP131CAF3, STM32MP131CAG3, STM32MP131DAE7, STM32MP131DAF7, STM32MP131DAG7, STM32MP131FAE7, STM32MP131FAF7, STM32MP131FAG7, STM32MP133AAE3, STM32MP133AAF3, STM32MP133AAG3, STM32MP133CAE3, STM32MP133CAF3, STM32MP133CAG3, STM32MP133DAE7, STM32MP133DAF7, STM32MP133DAG7, STM32MP133FAE7, STM32MP133FAF7, STM32MP133FAG7, STM32MP135AAE3, STM32MP135AAF3, STM32MP135AAG3, STM32MP135CAE3, STM32MP135CAF3, STM32MP135CAG3, STM32MP135DAE7, STM32MP135DAF7, STM32MP135DAG7, STM32MP135F-DK, STM32MP135FAE7, STM32MP135FAF7, STM32MP135FAF7T, STM32MP135FAF7U, STM32MP135FAG7, STM32U535CBT6, STM32U535CBT6Q, STM32U535CBU6, STM32U535CBU6Q, STM32U535CCT6, STM32U535CCT6Q, STM32U535CCU6, STM32U535CCU6Q, STM32U535CET6, STM32U535CET6Q, STM32U535CEU6, STM32U535CEU6Q, STM32U535JEY6QTR, STM32U535NCY6QTR, STM32U535NEY6QTR, STM32U535RBI6, STM32U535RBI6Q, STM32U535RBT6, STM32U535RBT6Q, STM32U535RCI6, STM32U535RCI6Q, STM32U535RCT6, STM32U535RCT6Q, STM32U535REI6, STM32U535REI6Q, STM32U535RET6, STM32U535RET6Q, STM32U535VCI6, STM32U535VCI6Q, STM32U535VCT6, STM32U535VCT6Q, STM32U535VEI6, STM32U535VEI6Q, STM32U535VET6, STM32U535VET6Q, STM32U545CET6, STM32U545CET6Q, STM32U545CEU6, STM32U545CEU6Q, STM32U545JEY6QTR, STM32U545NEY6QTR, STM32U545REI6, STM32U545REI6Q, STM32U545RET6, STM32U545RET6Q, STM32U545VEI6, STM32U545VEI6Q, STM32U545VET6, STM32U545VET6Q, STM32U595AIH6, STM32U595AIH6Q, STM32U595AJH6, STM32U595AJH6Q, STM32U595QII6, STM32U595QII6Q, STM32U595QJI6, STM32U595QJI6Q, STM32U595RIT6, STM32U595RIT6Q, STM32U595RJT6, STM32U595RJT6Q, STM32U595VIT6, STM32U595VIT6Q, STM32U595VJT6, STM32U595VJT6Q, STM32U595ZIT6, STM32U595ZIT6Q, STM32U595ZIY6QTR, STM32U595ZJT6, STM32U595ZJT6Q, STM32U595ZJY6QTR, STM32U599BJY6QTR, STM32U599NIH6Q, STM32U599NJH6Q, STM32U599VIT6Q, STM32U599VJT6, STM32U599VJT6Q, STM32U599ZIT6Q, STM32U599ZIY6QTR, STM32U599ZJT6Q, STM32U599ZJY6QTR, STM32U5A5AJH6, STM32U5A5AJH6Q, STM32U5A5QJI6, STM32U5A5QJI6Q, STM32U5A5RJT6, STM32U5A5RJT6Q, STM32U5A5VJT6, STM32U5A5VJT6Q, STM32U5A5ZJT6, STM32U5A5ZJT6Q, STM32U5A5ZJY6QTR, STM32U5A9BJY6QTR, STM32U5A9J-DK, STM32U5A9NJH6Q, STM32U5A9VJT6Q, STM32U5A9ZJT6Q, STM32U5A9ZJY6QTR, STM32WB1MMCH6, STM32WBA52CEU6, STM32WBA52CEU6T, STM32WBA52CGU6, STM32WBA52CGU6T, STM32WL5MOCH6, STM32WL5MOCH6TR]
2023-05-03 13:55:06,311 [INFO] BoardInfo:880 - No configuration file found for board P-NUCLEO-WB55
2023-05-03 13:55:06,311 [INFO] DbBoards:157 - Kit is not supported: P-NUCLEO-WB55
2023-05-03 13:55:06,313 [INFO] BoardInfo:880 - No configuration file found for board STEVAL-BFA001V1B
2023-05-03 13:55:06,314 [INFO] DbBoards:157 - Kit is not supported: STEVAL-BFA001V1B
2023-05-03 13:55:06,314 [INFO] BoardInfo:880 - No configuration file found for board STEVAL-BFA001V2B
2023-05-03 13:55:06,314 [INFO] DbBoards:157 - Kit is not supported: STEVAL-BFA001V2B
2023-05-03 13:55:06,367 [INFO] DbBoards:161 - Found 187 boards, 184 are supported
2023-05-03 13:55:06,369 [INFO] ApiDb:414 - User favorites file not found: /home/andreas/.stm32cubeide/favorites.boards.txt
2023-05-03 13:55:06,369 [INFO] DbBoards:190 - Set 0 / 0 favorites Boards
2023-05-03 13:55:06,371 [INFO] ApiDb:668 - CubeFinder database Data Model version=2.1
2023-05-03 13:55:06,371 [INFO] ApiDb:669 - CubeFinder database Configuration version=3.0.35
2023-05-03 13:55:06,371 [INFO] ApiDb:670 - CubeFinder database generation date=2023-04-03 (1680511692)
2023-05-03 13:55:06,371 [INFO] ApiDb:671 - CubeFinder database FW Pack versions=[FP-ATR-ASTRA1_V2.0.0, STM32Cube_FW_C0_V1.0.1, STM32Cube_FW_F0_V1.11.4, STM32Cube_FW_F3_V1.11.4, STM32Cube_FW_F4_V1.27.1, STM32Cube_FW_F7_V1.17.0, STM32Cube_FW_G0_V1.6.1, STM32Cube_FW_G4_V1.5.1, STM32Cube_FW_H5_V0.5.1, STM32Cube_FW_H5_V1.0.0, STM32Cube_FW_H7_V1.11.0, STM32Cube_FW_L0_V1.12.2, STM32Cube_FW_L5_V1.5.0, STM32Cube_FW_U5_V1.2.0, STM32Cube_FW_WBA_V1.0.0, STM32Cube_FW_WBA_V1.0.0RC1, STM32Cube_FW_WBA_V1.0.0RC3, STM32Cube_FW_WB_V1.15.0RC1, STM32Cube_FW_WB_V1.16.0, STM32Cube_FW_WB_V1.16.0RC2, STM32Cube_FW_WL_V1.3.0, X-CUBE-ALGOBUILD_V1.3.0, X-CUBE-ALS_V1.0.1, X-CUBE-AZRTOS-F4_V1.1.0, X-CUBE-AZRTOS-F7_V1.1.0, X-CUBE-AZRTOS-G0_V1.1.0, X-CUBE-AZRTOS-G4_V1.0.0, X-CUBE-AZRTOS-H7_V3.0.0, X-CUBE-AZRTOS-L4_V1.0.0, X-CUBE-AZRTOS-L5_V1.1.0, X-CUBE-AZRTOS-WB_V1.1.0, X-CUBE-AZRTOS-WL_V1.0.0, X-CUBE-BLE1_V6.2.4, X-CUBE-BLE2_V3.3.0, X-CUBE-BLEMGR_V1.3.0, X-CUBE-EEPRMA1_V4.1.0, X-CUBE-FREERTOS_V1.0.1, X-CUBE-GNSS1_V6.0.0, X-CUBE-MEMS1_V9.1.0, X-CUBE-MEMS1_V9.4.0, X-CUBE-MEMS1_V9.5.0, X-CUBE-NFC4_V3.0.0, X-CUBE-NFC7_V1.0.0, X-CUBE-SFXS2LP1_V4.0.0, X-CUBE-SUBG2_V5.0.0]
2023-05-03 13:55:06,872 [INFO] DbExamplesSqlite:376 - Ignored 46 examples not supported by CubeIDE
2023-05-03 13:55:06,873 [INFO] DbExamplesSqlite:377 - Found 7336 examples active
2023-05-03 13:55:06,873 [INFO] DbExamplesSqlite:378 - Found 1095 examples obsolete
2023-05-03 13:55:06,873 [INFO] DbExamplesSqlite:379 - Found 0 examples under development
2023-05-03 13:55:06,873 [INFO] DbExamplesSqlite:380 - Found 77 examples not building
2023-05-03 13:55:06,875 [INFO] DbExamples:125 - Found 7367 examples
2023-05-03 13:55:06,884 [INFO] DbExamples:222 - Found 92 boards with related examples
2023-05-03 13:55:06,884 [INFO] DbExamples:235 - Found 78 MCUs with related examples
2023-05-03 13:55:06,898 [INFO] ApiDb:414 - User favorites file not found: /home/andreas/.stm32cubeide/favorites.examples.txt
2023-05-03 13:55:06,899 [INFO] DbExamples:250 - Set 0 / 0 favorites Examples
2023-05-03 13:55:06,970 [WARN] PackLoader:240 - Cannot read IP mode file for STMicroelectronics.X-CUBE-GNSS1.6.0.0
2023-05-03 13:55:06,976 [INFO] McuFinderGlobals:66 - Set McuFinderConnectedMode to true
2023-05-03 13:55:06,983 [INFO] MultiScanPanel:200 - Auto-refresh data requested => check proxy status ongoing
2023-05-03 13:55:06,986 [WARN] PackLoader:240 - Cannot read IP mode file for STMicroelectronics.X-CUBE-AZRTOS-F4.1.1.0
2023-05-03 13:55:06,986 [INFO] FinderPluginLoader:95 - Searching for filters in installed packs
2023-05-03 13:55:06,990 [WARN] PackLoader:240 - Cannot read IP mode file for STMicroelectronics.X-CUBE-SMBUS.2.1.0
2023-05-03 13:55:06,992 [WARN] PackLoader:240 - Cannot read IP mode file for wolfSSL.I-CUBE-wolfSSL.5.6.0
2023-05-03 13:55:07,009 [WARN] PackLoader:240 - Cannot read IP mode file for STMicroelectronics.X-CUBE-AZRTOS-F7.1.1.0
2023-05-03 13:55:07,056 [WARN] PackLoader:240 - Cannot read IP mode file for STMicroelectronics.X-CUBE-MEMS1.9.6.0
2023-05-03 13:55:07,178 [WARN] PackLoader:240 - Cannot read IP mode file for STMicroelectronics.X-CUBE-BLE1.6.2.4
2023-05-03 13:55:07,182 [WARN] PackLoader:240 - Cannot read IP mode file for emotas.I-CUBE-CANOPEN.1.1.3
2023-05-03 13:55:07,187 [WARN] PackLoader:240 - Cannot read IP mode file for STMicroelectronics.X-CUBE-BLEMGR.2.0.0
2023-05-03 13:55:07,196 [WARN] ConditionMgr:438 - getConditionDescription Invalid condition id : UX DEVICE CLASS RTOS Condition cause : null
2023-05-03 13:55:07,196 [WARN] ConditionMgr:438 - getConditionDescription Invalid condition id : UX DEVICE CLASS RTOS Condition cause : null
2023-05-03 13:55:07,198 [WARN] PackLoader:240 - Cannot read IP mode file for STMicroelectronics.X-CUBE-AZRTOS-H7.3.1.0
2023-05-03 13:55:07,199 [WARN] ConditionMgr:1039 - genDependencies : Invalid condition id : UX DEVICE CLASS RTOS Condition cause : null
2023-05-03 13:55:07,199 [WARN] ConditionMgr:1039 - genDependencies : Invalid condition id : UX DEVICE CLASS RTOS Condition cause : null
2023-05-03 13:55:07,199 [WARN] ConditionMgr:1039 - genDependencies : Invalid condition id : UX DEVICE CLASS RTOS Condition cause : null
2023-05-03 13:55:07,200 [WARN] ConditionMgr:1039 - genDependencies : Invalid condition id : UX DEVICE CLASS RTOS Condition cause : null
2023-05-03 13:55:07,200 [WARN] ConditionMgr:1039 - genDependencies : Invalid condition id : UX DEVICE CLASS RTOS Condition cause : null
2023-05-03 13:55:07,204 [WARN] PackLoader:240 - Cannot read IP mode file for STMicroelectronics.X-CUBE-DISPLAY.3.0.0
2023-05-03 13:55:07,208 [WARN] PackLoader:240 - Cannot read IP mode file for STMicroelectronics.X-CUBE-NFC7.1.0.0
2023-05-03 13:55:07,211 [WARN] PackLoader:240 - Cannot read IP mode file for STMicroelectronics.X-CUBE-EEPRMA1.4.1.0
2023-05-03 13:55:07,213 [WARN] PackLoader:240 - Cannot read IP mode file for WES.I-CUBE-Cesium.1.3.0
2023-05-03 13:55:07,216 [WARN] PackLoader:240 - Cannot read IP mode file for STMicroelectronics.X-CUBE-SFXS2LP1.4.0.0
2023-05-03 13:55:07,219 [WARN] PackLoader:240 - Cannot read IP mode file for STMicroelectronics.X-CUBE-BLE2.3.3.0
2023-05-03 13:55:07,221 [WARN] PackLoader:240 - Cannot read IP mode file for STMicroelectronics.X-CUBE-ISPU.1.1.0
2023-05-03 13:55:07,222 [WARN] PackLoader:240 - Cannot read IP mode file for STMicroelectronics.X-CUBE-AI.8.0.0
2023-05-03 13:55:07,224 [WARN] PackLoader:240 - Cannot read IP mode file for STMicroelectronics.X-CUBE-FREERTOS.1.0.1
2023-05-03 13:55:07,224 [WARN] PackLoader:240 - Cannot read IP mode file for STMicroelectronics.X-CUBE-TOUCHGFX.4.21.3
2023-05-03 13:55:07,227 [WARN] PackLoader:240 - Cannot read IP mode file for STMicroelectronics.X-CUBE-ALGOBUILD.1.3.0
2023-05-03 13:55:07,234 [WARN] PackLoader:240 - Cannot read IP mode file for STMicroelectronics.X-CUBE-AZRTOS-L5.1.1.0
2023-05-03 13:55:07,244 [WARN] PackLoader:240 - Cannot read IP mode file for STMicroelectronics.X-CUBE-AZRTOS-G0.1.1.0
2023-05-03 13:55:07,249 [WARN] PackLoader:240 - Cannot read IP mode file for STMicroelectronics.X-CUBE-SUBG2.5.0.0
2023-05-03 13:55:07,255 [WARN] PackLoader:240 - Cannot read IP mode file for STMicroelectronics.X-CUBE-NFC4.3.0.0
2023-05-03 13:55:07,262 [WARN] PackLoader:240 - Cannot read IP mode file for STMicroelectronics.X-CUBE-AZRTOS-G4.2.0.0
2023-05-03 13:55:07,268 [WARN] PackLoader:240 - Cannot read IP mode file for STMicroelectronics.X-CUBE-TOF1.3.3.0
2023-05-03 13:55:07,275 [WARN] PackLoader:240 - Cannot read IP mode file for STMicroelectronics.FP-ATR-SIGFOX1.3.2.0
2023-05-03 13:55:07,283 [WARN] PackLoader:240 - Cannot read IP mode file for STMicroelectronics.X-CUBE-AZRTOS-L4.1.0.0
2023-05-03 13:55:07,290 [WARN] PackLoader:240 - Cannot read IP mode file for STMicroelectronics.X-CUBE-AZRTOS-WL.1.0.0
2023-05-03 13:55:07,293 [WARN] PackLoader:240 - Cannot read IP mode file for portGmbH.I-Cube-SoM-uGOAL.1.1.0
2023-05-03 13:55:07,294 [WARN] PackLoader:240 - Cannot read IP mode file for STMicroelectronics.X-CUBE-ALS.1.0.1
2023-05-03 13:55:07,300 [WARN] PackLoader:240 - Cannot read IP mode file for STMicroelectronics.X-CUBE-AZRTOS-WB.1.1.0
2023-05-03 13:55:07,336 [WARN] PackLoader:240 - Cannot read IP mode file for SEGGER.I-CUBE-embOS.1.3.1
2023-05-03 13:55:07,361 [WARN] PackLoader:240 - Cannot read IP mode file for STMicroelectronics.FP-ATR-ASTRA1.2.0.0
2023-05-03 13:55:07,362 [INFO] ThirdParty:978 - Integrity check success = true
2023-05-03 13:55:07,362 [INFO] IntegrityCheckThread:100 - exiting critical section [integrity check]
2023-05-03 13:55:07,362 [INFO] IntegrityCheckThread:103 - End integrity checks thread
2023-05-03 13:55:08,102 [INFO] LoadUrlFilesThread:185 - End of LoadServerUrlFiles without Thread
2023-05-03 13:55:08,107 [INFO] DetailPanel:341 - Set advertising image to /home/andreas/STM32Cube/Repository//en.prom-stm32h5-mcu-finder.jpg
2023-05-03 13:55:13,869 [INFO] McuFinderGlobals:66 - Set McuFinderConnectedMode to true
2023-05-03 13:55:14,083 [INFO] ApiDb:448 - Save user favorites file /home/andreas/.stm32cubeide/favorites.mcus.txt: 0 item(s)
2023-05-03 13:55:14,083 [INFO] ApiDb:452 - User favorites MCUs=[]
